###################
#*               ##
##*         *#*  ##
###*       *##. .##
####*     *#### ###
#####*   *##### ###
######* *###### ###
####### ####### ###
######   ###### ###
#             # ###
#             # ###
#      **     # ###
#      ##     # ###
#             # ###
#             # ###
#     ** **   # ###
#     ## ##   # ###
#    *        # ###
#   ***       #R###
#  ******* ** #*\##
####*##*## ## #*###
####*  *       **##
####*##*## ##*##*##
##  *##*#   #* #* #
## **L#*#   #**#**#
##***##*#   #*##**#
##*####*# **#* #**#
###################

Number of moves: 228
Lambdas collected: 20
Final state: mining
Points: 772
